25/11/2024 20:12:40 - infrastructure.sqlite_connect - INFO: Select for view from toto_table.
25/11/2024 20:12:41 - infrastructure.sqlite_connect - INFO: Delete league_standings executed
25/11/2024 20:12:41 - infrastructure.sqlite_connect - INFO: Inserting league_standings executed
26/11/2024 07:30:43 - infrastructure.sqlite_connect - INFO: Select for view from toto_table.
26/11/2024 07:30:47 - infrastructure.sqlite_connect - INFO: Select for view from poisson_results.
26/11/2024 07:34:06 - infrastructure.sqlite_connect - INFO: Select for view from toto_table.
26/11/2024 07:34:29 - infrastructure.sqlite_connect - INFO: Updating user_data executed
26/11/2024 07:34:29 - infrastructure.sqlite_connect - INFO: Delete league_standings executed
26/11/2024 07:34:29 - infrastructure.sqlite_connect - INFO: Inserting league_standings executed26/11/2024 15:02:49 - infrastructure.sqlite_connect - INFO: Delete selected data from toto result executed.
26/11/2024 15:03:03 - infrastructure.sqlite_connect - INFO: Select avg for team: Lyon executed.
26/11/2024 15:03:03 - infrastructure.sqlite_connect - INFO: Select avg for team: Nantes executed.
26/11/2024 15:03:03 - infrastructure.sqlite_connect - INFO: Select avg for team: Toulouse executed.
26/11/2024 15:03:03 - infrastructure.sqlite_connect - INFO: Select avg for team: Lille executed.
26/11/2024 15:03:03 - infrastructure.sqlite_connect - INFO: Select avg for team: Lens executed.
26/11/2024 15:03:03 - infrastructure.sqlite_connect - INFO: Select avg for team: Angers executed.
26/11/2024 15:03:03 - infrastructure.sqlite_connect - INFO: Select avg for team: Ajaccio executed.
26/11/2024 15:03:03 - infrastructure.sqlite_connect - INFO: Select avg for team: Monaco executed.
26/11/2024 15:03:03 - infrastructure.sqlite_connect - INFO: Select avg for team: Montpellier executed.
26/11/2024 15:03:03 - infrastructure.sqlite_connect - INFO: Select avg for team: Clermont executed.
26/11/2024 15:03:03 - infrastructure.sqlite_connect - INFO: Select avg for team: Nice executed.
26/11/2024 15:03:03 - infrastructure.sqlite_connect - INFO: Select avg for team: Lorient executed.
26/11/2024 15:03:03 - infrastructure.sqlite_connect - INFO: Select avg for team: Strasbourg executed.
26/11/2024 15:03:03 - infrastructure.sqlite_connect - INFO: Select avg for team: Auxerre executed.
26/11/2024 15:03:03 - infrastructure.sqlite_connect - INFO: Select avg for team: Troyes executed.
26/11/2024 15:03:03 - infrastructure.sqlite_connect - INFO: Select avg for team: Brest executed.
26/11/2024 15:03:03 - infrastructure.sqlite_connect - INFO: Select avg for team: Paris SG executed.
26/11/2024 15:03:03 - infrastructure.sqlite_connect - INFO: Select avg for team: Rennes executed.
26/11/2024 15:03:03 - infrastructure.sqlite_connect - INFO: Select avg for team: Reims executed.
26/11/2024 15:03:03 - infrastructure.sqlite_connect - INFO: Select avg for team: Marseille executed.
26/11/2024 15:03:03 - infrastructure.sqlite_connect - INFO: Inserting data into toto_table executed.
26/11/2024 15:12:20 - infrastructure.sqlite_connect - INFO: Delete all data from league_standings executed.
26/11/2024 15:12:20 - infrastructure.sqlite_connect - INFO: Inserting league_standings executed.
26/11/2024 15:12:26 - infrastructure.sqlite_connect - INFO: Delete all data from league_standings executed.
26/11/2024 15:12:26 - infrastructure.sqlite_connect - INFO: Inserting league_standings executed.
